[debug] [2022-04-23T09:46:18.870Z] ----------------------------------------------------------------------
[debug] [2022-04-23T09:46:18.871Z] Command:       C:\Program Files\nodejs\node.exe C:\Users\rehop\AppData\Roaming\npm\node_modules\firebase-tools\lib\bin\firebase.js emulators:start --only functions
[debug] [2022-04-23T09:46:18.872Z] CLI Version:   10.6.0
[debug] [2022-04-23T09:46:18.872Z] Platform:      win32
[debug] [2022-04-23T09:46:18.872Z] Node Version:  v16.13.0
[debug] [2022-04-23T09:46:18.872Z] Time:          Sat Apr 23 2022 18:46:18 GMT+0900 (日本標準時)
[debug] [2022-04-23T09:46:18.873Z] ----------------------------------------------------------------------
[debug] 
[debug] [2022-04-23T09:46:18.930Z] > command requires scopes: ["email","openid","https://www.googleapis.com/auth/cloudplatformprojects.readonly","https://www.googleapis.com/auth/firebase","https://www.googleapis.com/auth/cloud-platform"]
[debug] [2022-04-23T09:46:18.930Z] > authorizing via signed-in user (kemujidesign@gmail.com)
[info] i  emulators: Starting emulators: functions {"metadata":{"emulator":{"name":"hub"},"message":"Starting emulators: functions"}}
[warn] !  emulators: It seems that you are running multiple instances of the emulator suite for project chakra-note. This may result in unexpected behavior. 
[debug] [2022-04-23T09:46:18.954Z] [hub] writing locator at C:\Users\rehop\AppData\Local\Temp\hub-chakra-note.json
[warn] !  functions: The following emulators are not running, calls to these services from the Functions emulator will affect production: auth, firestore, database, hosting, pubsub, storage {"metadata":{"emulator":{"name":"functions"},"message":"The following emulators are not running, calls to these services from the Functions emulator will affect production: \u001b[1mauth, firestore, database, hosting, pubsub, storage\u001b[22m"}}
[info] +  functions: Using node@16 from host. {"metadata":{"emulator":{"name":"functions"},"message":"Using node@16 from host."}}
[debug] [2022-04-23T09:46:18.967Z] defaultcredentials: writing to file C:\Users\rehop\AppData\Roaming\firebase\kemujidesign_gmail_com_application_default_credentials.json
[debug] [2022-04-23T09:46:18.969Z] Setting GAC to C:\Users\rehop\AppData\Roaming\firebase\kemujidesign_gmail_com_application_default_credentials.json {"metadata":{"emulator":{"name":"functions"},"message":"Setting GAC to C:\\Users\\rehop\\AppData\\Roaming\\firebase\\kemujidesign_gmail_com_application_default_credentials.json"}}
[debug] [2022-04-23T09:46:18.970Z] >>> [apiv2][query] GET https://firebase.googleapis.com/v1beta1/projects/chakra-note/adminSdkConfig [none]
[debug] [2022-04-23T09:46:19.276Z] <<< [apiv2][status] GET https://firebase.googleapis.com/v1beta1/projects/chakra-note/adminSdkConfig 200
[debug] [2022-04-23T09:46:19.276Z] <<< [apiv2][body] GET https://firebase.googleapis.com/v1beta1/projects/chakra-note/adminSdkConfig {"projectId":"chakra-note","storageBucket":"chakra-note.appspot.com","locationId":"asia-northeast1"}
[warn] !  ui: Emulator UI unable to start on port 4000, starting on 4001 instead. {"metadata":{"emulator":{"name":"ui"},"message":"Emulator UI unable to start on port 4000, starting on 4001 instead."}}
[debug] [2022-04-23T09:46:19.297Z] Ignoring unsupported arg: auto_download {"metadata":{"emulator":{"name":"ui"},"message":"Ignoring unsupported arg: auto_download"}}
[debug] [2022-04-23T09:46:19.297Z] Ignoring unsupported arg: port {"metadata":{"emulator":{"name":"ui"},"message":"Ignoring unsupported arg: port"}}
[debug] [2022-04-23T09:46:19.297Z] Starting Emulator UI with command {"binary":"node","args":["C:\\Users\\rehop\\.cache\\firebase\\emulators\\ui-v1.6.5\\server.bundle.js"],"optionalArgs":[],"joinArgs":false} {"metadata":{"emulator":{"name":"ui"},"message":"Starting Emulator UI with command {\"binary\":\"node\",\"args\":[\"C:\\\\Users\\\\rehop\\\\.cache\\\\firebase\\\\emulators\\\\ui-v1.6.5\\\\server.bundle.js\"],\"optionalArgs\":[],\"joinArgs\":false}"}}
[info] i  ui: Emulator UI logging to ui-debug.log {"metadata":{"emulator":{"name":"ui"},"message":"Emulator UI logging to \u001b[1mui-debug.log\u001b[22m"}}
[debug] [2022-04-23T09:46:19.374Z] Web / API server started at localhost:4001
 {"metadata":{"emulator":{"name":"ui"},"message":"Web / API server started at localhost:4001\n"}}
[info] i  functions: Watching "C:\Users\rehop\vscode_ws\rehop\react\cw014\chakra-note\functions" for Cloud Functions... {"metadata":{"emulator":{"name":"functions"},"message":"Watching \"C:\\Users\\rehop\\vscode_ws\\rehop\\react\\cw014\\chakra-note\\functions\" for Cloud Functions..."}}
[debug] [2022-04-23T09:46:19.560Z] Validating nodejs source
[debug] [2022-04-23T09:46:21.021Z] > [functions] package.json contents: {
  "name": "functions",
  "scripts": {
    "build": "tsc",
    "serve": "npm run build && firebase emulators:start --only functions",
    "shell": "npm run build && firebase functions:shell",
    "start": "npm run shell",
    "deploy": "firebase deploy --only functions",
    "logs": "firebase functions:log"
  },
  "engines": {
    "node": "16"
  },
  "main": "lib/index.js",
  "dependencies": {
    "firebase-admin": "^10.0.2",
    "firebase-functions": "^3.18.0",
    "stripe": "^8.217.0"
  },
  "devDependencies": {
    "firebase-functions-test": "^0.2.0",
    "typescript": "^4.5.4"
  },
  "private": true
}
[debug] [2022-04-23T09:46:21.021Z] Building nodejs source
[debug] [2022-04-23T09:46:21.021Z] Analyzing nodejs backend spec
[info] +  functions[us-central1-createCheckoutSession]: http function initialized (http://localhost:5001/chakra-note/us-central1/createCheckoutSession). {"metadata":{"emulator":{"name":"functions"},"message":"\u001b[1mhttp\u001b[22m function initialized (http://localhost:5001/chakra-note/us-central1/createCheckoutSession)."}}
[info] +  functions[us-central1-helloWorld]: http function initialized (http://localhost:5001/chakra-note/us-central1/helloWorld). {"metadata":{"emulator":{"name":"functions"},"message":"\u001b[1mhttp\u001b[22m function initialized (http://localhost:5001/chakra-note/us-central1/helloWorld)."}}
[info] +  functions[us-central1-addMessage]: http function initialized (http://localhost:5001/chakra-note/us-central1/addMessage). {"metadata":{"emulator":{"name":"functions"},"message":"\u001b[1mhttp\u001b[22m function initialized (http://localhost:5001/chakra-note/us-central1/addMessage)."}}
[info] +  functions[us-central1-httpEvent]: http function initialized (http://localhost:5001/chakra-note/us-central1/httpEvent). {"metadata":{"emulator":{"name":"functions"},"message":"\u001b[1mhttp\u001b[22m function initialized (http://localhost:5001/chakra-note/us-central1/httpEvent)."}}
[info] 
┌─────────────────────────────────────────────────────────────┐
│ ✔  All emulators ready! It is now safe to connect your app. │
│ i  View Emulator UI at http://localhost:4001                │
└─────────────────────────────────────────────────────────────┘

┌───────────┬────────────────┬─────────────────────────────────┐
│ Emulator  │ Host:Port      │ View in Emulator UI             │
├───────────┼────────────────┼─────────────────────────────────┤
│ Functions │ localhost:5001 │ http://localhost:4001/functions │
└───────────┴────────────────┴─────────────────────────────────┘
  Emulator Hub running at localhost:4400
  Other reserved ports: 4500

Issues? Report them at https://github.com/firebase/firebase-tools/issues and attach the *-debug.log files.
 
[debug] [2022-04-23T09:46:26.189Z] [work-queue] {"queueLength":1,"workRunningCount":0}
[debug] [2022-04-23T09:46:26.189Z] [work-queue] {"queueLength":0,"workRunningCount":1}
[debug] [2022-04-23T09:46:26.190Z] Accepted request POST /chakra-note/us-central1/createCheckoutSession --> us-central1-createCheckoutSession
[info] i  functions: Loaded environment variables from .env. 
[debug] [2022-04-23T09:46:26.195Z] [worker-pool] addWorker(us-central1-createCheckoutSession) {"metadata":{"emulator":{"name":"functions"},"message":"[worker-pool] addWorker(us-central1-createCheckoutSession)"}}
[debug] [2022-04-23T09:46:26.196Z] [worker-pool] Adding worker with key us-central1-createCheckoutSession, total=1 {"metadata":{"emulator":{"name":"functions"},"message":"[worker-pool] Adding worker with key us-central1-createCheckoutSession, total=1"}}
[debug] [2022-04-23T09:46:26.196Z] [worker-pool] submitWork(triggerId=us-central1-createCheckoutSession) {"metadata":{"emulator":{"name":"functions"},"message":"[worker-pool] submitWork(triggerId=us-central1-createCheckoutSession)"}}
[debug] [2022-04-23T09:46:26.196Z] [worker-us-central1-createCheckoutSession-a7b601e9-5540-4c24-b871-c990b6959d34]: Assigning socketPath: \\?\pipe\C:\Users\rehop\vscode_ws\rehop\react\cw014\chakra-note\functions\7704 {"metadata":{"emulator":{"name":"functions"},"message":"[worker-us-central1-createCheckoutSession-a7b601e9-5540-4c24-b871-c990b6959d34]: Assigning socketPath: \\\\?\\pipe\\C:\\Users\\rehop\\vscode_ws\\rehop\\react\\cw014\\chakra-note\\functions\\7704"}}
[debug] [2022-04-23T09:46:26.196Z] [worker-us-central1-createCheckoutSession-a7b601e9-5540-4c24-b871-c990b6959d34]: BUSY {"metadata":{"emulator":{"name":"functions"},"message":"[worker-us-central1-createCheckoutSession-a7b601e9-5540-4c24-b871-c990b6959d34]: BUSY"}}
[debug] [2022-04-23T09:46:27.065Z] [runtime-status] [7704] Functions runtime initialized. {"cwd":"C:\\Users\\rehop\\vscode_ws\\rehop\\react\\cw014\\chakra-note\\functions","node_version":"16.13.0"} {"metadata":{"emulator":{"name":"functions"},"function":{"name":"us-central1-createCheckoutSession"},"extension":{},"message":"[runtime-status] [7704] Functions runtime initialized. {\"cwd\":\"C:\\\\Users\\\\rehop\\\\vscode_ws\\\\rehop\\\\react\\\\cw014\\\\chakra-note\\\\functions\",\"node_version\":\"16.13.0\"}"}}
[debug] [2022-04-23T09:46:27.066Z] [runtime-status] [7704] Disabled runtime features: undefined {"metadata":{"emulator":{"name":"functions"},"function":{"name":"us-central1-createCheckoutSession"},"extension":{},"message":"[runtime-status] [7704] Disabled runtime features: undefined"}}
[debug] [2022-04-23T09:46:27.071Z] [runtime-status] [7704] Resolved module firebase-admin {"declared":true,"installed":true,"version":"10.0.2","resolution":"C:\\Users\\rehop\\vscode_ws\\rehop\\react\\cw014\\chakra-note\\functions\\node_modules\\firebase-admin\\lib\\index.js"} {"metadata":{"emulator":{"name":"functions"},"function":{"name":"us-central1-createCheckoutSession"},"extension":{},"message":"[runtime-status] [7704] Resolved module firebase-admin {\"declared\":true,\"installed\":true,\"version\":\"10.0.2\",\"resolution\":\"C:\\\\Users\\\\rehop\\\\vscode_ws\\\\rehop\\\\react\\\\cw014\\\\chakra-note\\\\functions\\\\node_modules\\\\firebase-admin\\\\lib\\\\index.js\"}"}}
[debug] [2022-04-23T09:46:27.071Z] [runtime-status] [7704] Resolved module firebase-functions {"declared":true,"installed":true,"version":"3.20.1","resolution":"C:\\Users\\rehop\\vscode_ws\\rehop\\react\\cw014\\chakra-note\\functions\\node_modules\\firebase-functions\\lib\\index.js"} {"metadata":{"emulator":{"name":"functions"},"function":{"name":"us-central1-createCheckoutSession"},"extension":{},"message":"[runtime-status] [7704] Resolved module firebase-functions {\"declared\":true,\"installed\":true,\"version\":\"3.20.1\",\"resolution\":\"C:\\\\Users\\\\rehop\\\\vscode_ws\\\\rehop\\\\react\\\\cw014\\\\chakra-note\\\\functions\\\\node_modules\\\\firebase-functions\\\\lib\\\\index.js\"}"}}
[debug] [2022-04-23T09:46:27.071Z] [runtime-status] [7704] Outgoing network have been stubbed. [{"name":"http","status":"mocked"},{"name":"http","status":"mocked"},{"name":"https","status":"mocked"},{"name":"https","status":"mocked"},{"name":"net","status":"mocked"}] {"metadata":{"emulator":{"name":"functions"},"function":{"name":"us-central1-createCheckoutSession"},"extension":{},"message":"[runtime-status] [7704] Outgoing network have been stubbed. [{\"name\":\"http\",\"status\":\"mocked\"},{\"name\":\"http\",\"status\":\"mocked\"},{\"name\":\"https\",\"status\":\"mocked\"},{\"name\":\"https\",\"status\":\"mocked\"},{\"name\":\"net\",\"status\":\"mocked\"}]"}}
[debug] [2022-04-23T09:46:27.071Z] [runtime-status] [7704] Resolved module firebase-functions {"declared":true,"installed":true,"version":"3.20.1","resolution":"C:\\Users\\rehop\\vscode_ws\\rehop\\react\\cw014\\chakra-note\\functions\\node_modules\\firebase-functions\\lib\\index.js"} {"metadata":{"emulator":{"name":"functions"},"function":{"name":"us-central1-createCheckoutSession"},"extension":{},"message":"[runtime-status] [7704] Resolved module firebase-functions {\"declared\":true,\"installed\":true,\"version\":\"3.20.1\",\"resolution\":\"C:\\\\Users\\\\rehop\\\\vscode_ws\\\\rehop\\\\react\\\\cw014\\\\chakra-note\\\\functions\\\\node_modules\\\\firebase-functions\\\\lib\\\\index.js\"}"}}
[debug] [2022-04-23T09:46:27.123Z] [runtime-status] [7704] Checked functions.config() {"config":{}} {"metadata":{"emulator":{"name":"functions"},"function":{"name":"us-central1-createCheckoutSession"},"extension":{},"message":"[runtime-status] [7704] Checked functions.config() {\"config\":{}}"}}
[debug] [2022-04-23T09:46:27.123Z] [runtime-status] [7704] firebase-functions has been stubbed. {"functionsResolution":{"declared":true,"installed":true,"version":"3.20.1","resolution":"C:\\Users\\rehop\\vscode_ws\\rehop\\react\\cw014\\chakra-note\\functions\\node_modules\\firebase-functions\\lib\\index.js"}} {"metadata":{"emulator":{"name":"functions"},"function":{"name":"us-central1-createCheckoutSession"},"extension":{},"message":"[runtime-status] [7704] firebase-functions has been stubbed. {\"functionsResolution\":{\"declared\":true,\"installed\":true,\"version\":\"3.20.1\",\"resolution\":\"C:\\\\Users\\\\rehop\\\\vscode_ws\\\\rehop\\\\react\\\\cw014\\\\chakra-note\\\\functions\\\\node_modules\\\\firebase-functions\\\\lib\\\\index.js\"}}"}}
[debug] [2022-04-23T09:46:27.124Z] [runtime-status] [7704] Resolved module firebase-functions {"declared":true,"installed":true,"version":"3.20.1","resolution":"C:\\Users\\rehop\\vscode_ws\\rehop\\react\\cw014\\chakra-note\\functions\\node_modules\\firebase-functions\\lib\\index.js"} {"metadata":{"emulator":{"name":"functions"},"function":{"name":"us-central1-createCheckoutSession"},"extension":{},"message":"[runtime-status] [7704] Resolved module firebase-functions {\"declared\":true,\"installed\":true,\"version\":\"3.20.1\",\"resolution\":\"C:\\\\Users\\\\rehop\\\\vscode_ws\\\\rehop\\\\react\\\\cw014\\\\chakra-note\\\\functions\\\\node_modules\\\\firebase-functions\\\\lib\\\\index.js\"}"}}
[debug] [2022-04-23T09:46:27.125Z] [runtime-status] [7704] Resolved module firebase-admin {"declared":true,"installed":true,"version":"10.0.2","resolution":"C:\\Users\\rehop\\vscode_ws\\rehop\\react\\cw014\\chakra-note\\functions\\node_modules\\firebase-admin\\lib\\index.js"} {"metadata":{"emulator":{"name":"functions"},"function":{"name":"us-central1-createCheckoutSession"},"extension":{},"message":"[runtime-status] [7704] Resolved module firebase-admin {\"declared\":true,\"installed\":true,\"version\":\"10.0.2\",\"resolution\":\"C:\\\\Users\\\\rehop\\\\vscode_ws\\\\rehop\\\\react\\\\cw014\\\\chakra-note\\\\functions\\\\node_modules\\\\firebase-admin\\\\lib\\\\index.js\"}"}}
[debug] [2022-04-23T09:46:27.125Z] [runtime-status] [7704] Resolved module firebase-functions {"declared":true,"installed":true,"version":"3.20.1","resolution":"C:\\Users\\rehop\\vscode_ws\\rehop\\react\\cw014\\chakra-note\\functions\\node_modules\\firebase-functions\\lib\\index.js"} {"metadata":{"emulator":{"name":"functions"},"function":{"name":"us-central1-createCheckoutSession"},"extension":{},"message":"[runtime-status] [7704] Resolved module firebase-functions {\"declared\":true,\"installed\":true,\"version\":\"3.20.1\",\"resolution\":\"C:\\\\Users\\\\rehop\\\\vscode_ws\\\\rehop\\\\react\\\\cw014\\\\chakra-note\\\\functions\\\\node_modules\\\\firebase-functions\\\\lib\\\\index.js\"}"}}
[debug] [2022-04-23T09:46:27.125Z] [runtime-status] [7704] firebase-admin has been stubbed. {"adminResolution":{"declared":true,"installed":true,"version":"10.0.2","resolution":"C:\\Users\\rehop\\vscode_ws\\rehop\\react\\cw014\\chakra-note\\functions\\node_modules\\firebase-admin\\lib\\index.js"}} {"metadata":{"emulator":{"name":"functions"},"function":{"name":"us-central1-createCheckoutSession"},"extension":{},"message":"[runtime-status] [7704] firebase-admin has been stubbed. {\"adminResolution\":{\"declared\":true,\"installed\":true,\"version\":\"10.0.2\",\"resolution\":\"C:\\\\Users\\\\rehop\\\\vscode_ws\\\\rehop\\\\react\\\\cw014\\\\chakra-note\\\\functions\\\\node_modules\\\\firebase-admin\\\\lib\\\\index.js\"}}"}}
[debug] [2022-04-23T09:46:27.169Z] [runtime-status] [7704] initializeApp(DEFAULT) {"storageBucket":"chakra-note.appspot.com","projectId":"chakra-note"} {"metadata":{"emulator":{"name":"functions"},"function":{"name":"us-central1-createCheckoutSession"},"extension":{},"message":"[runtime-status] [7704] initializeApp(DEFAULT) {\"storageBucket\":\"chakra-note.appspot.com\",\"projectId\":\"chakra-note\"}"}}
[debug] [2022-04-23T09:46:27.169Z] [runtime-status] [7704] Beginning invocation function createCheckoutSession! {"metadata":{"emulator":{"name":"functions"},"function":{"name":"us-central1-createCheckoutSession"},"extension":{},"message":"[runtime-status] [7704] Beginning invocation function createCheckoutSession!"}}
[info] i  functions: Beginning execution of "createCheckoutSession" {"metadata":{"emulator":{"name":"functions"},"function":{"name":"us-central1-createCheckoutSession"},"extension":{},"message":"Beginning execution of \"createCheckoutSession\""}}
[debug] [2022-04-23T09:46:27.170Z] [runtime-status] [7704] Running createCheckoutSession in signature http {"metadata":{"emulator":{"name":"functions"},"function":{"name":"us-central1-createCheckoutSession"},"extension":{},"message":"[runtime-status] [7704] Running createCheckoutSession in signature http"}}
[debug] [2022-04-23T09:46:27.172Z] [runtime-status] [7704] Attempting to listen to socketPath: \\?\pipe\C:\Users\rehop\vscode_ws\rehop\react\cw014\chakra-note\functions\7704 {"metadata":{"emulator":{"name":"functions"},"function":{"name":"us-central1-createCheckoutSession"},"extension":{},"message":"[runtime-status] [7704] Attempting to listen to socketPath: \\\\?\\pipe\\C:\\Users\\rehop\\vscode_ws\\rehop\\react\\cw014\\chakra-note\\functions\\7704"}}
[debug] [2022-04-23T09:46:27.173Z] [functions] Runtime ready! Sending request! {"metadata":{"emulator":{"name":"functions"},"message":"[functions] Runtime ready! Sending request!"}}
[debug] [2022-04-23T09:46:27.173Z] [functions] Got req.url=/chakra-note/us-central1/createCheckoutSession, mapping to path=/ {"metadata":{"emulator":{"name":"functions"},"message":"[functions] Got req.url=/chakra-note/us-central1/createCheckoutSession, mapping to path=/"}}
[debug] [2022-04-23T09:46:27.184Z] [runtime-status] [7704] Ephemeral server handling POST request {"metadata":{"emulator":{"name":"functions"},"function":{"name":"us-central1-createCheckoutSession"},"extension":{},"message":"[runtime-status] [7704] Ephemeral server handling POST request"}}
[info] >  createCheckoutSession {"user":"createCheckoutSession","metadata":{"emulator":{"name":"functions"},"function":{"name":"us-central1-createCheckoutSession"},"extension":{},"message":"\u001b[90m> \u001b[39m createCheckoutSession"}}
[info] >  process.env.STRIPE_SECRET_KEY=> sk_test_51KCuoBBfCVZgAE4e9vrjuHmeSuS7D1XE8MkiHnDJxYJF34UTf4Vmwih40dNDj35kLHuuLJWnkCo7dd97tKwbmJSy00PFHJqfUn {"user":"process.env.STRIPE_SECRET_KEY=> sk_test_51KCuoBBfCVZgAE4e9vrjuHmeSuS7D1XE8MkiHnDJxYJF34UTf4Vmwih40dNDj35kLHuuLJWnkCo7dd97tKwbmJSy00PFHJqfUn","metadata":{"emulator":{"name":"functions"},"function":{"name":"us-central1-createCheckoutSession"},"extension":{},"message":"\u001b[90m> \u001b[39m process.env.STRIPE_SECRET_KEY=> sk_test_51KCuoBBfCVZgAE4e9vrjuHmeSuS7D1XE8MkiHnDJxYJF34UTf4Vmwih40dNDj35kLHuuLJWnkCo7dd97tKwbmJSy00PFHJqfUn"}}
[debug] [2022-04-23T09:46:27.875Z] [runtime-status] [7704] Ephemeral server survived. {"metadata":{"emulator":{"name":"functions"},"function":{"name":"us-central1-createCheckoutSession"},"extension":{},"message":"[runtime-status] [7704] Ephemeral server survived."}}
[info] i  functions: Finished "createCheckoutSession" in ~1s {"metadata":{"emulator":{"name":"functions"},"function":{"name":"us-central1-createCheckoutSession"},"extension":{},"message":"Finished \"createCheckoutSession\" in ~1s"}}
[debug] [2022-04-23T09:46:27.876Z] [worker-us-central1-createCheckoutSession-a7b601e9-5540-4c24-b871-c990b6959d34]: IDLE {"metadata":{"emulator":{"name":"functions"},"message":"[worker-us-central1-createCheckoutSession-a7b601e9-5540-4c24-b871-c990b6959d34]: IDLE"}}
[debug] [2022-04-23T09:46:27.876Z] [work-queue] {"queueLength":0,"workRunningCount":0}
[debug] [2022-04-23T09:47:04.681Z] [work-queue] {"queueLength":1,"workRunningCount":0}
[debug] [2022-04-23T09:47:04.681Z] [work-queue] {"queueLength":0,"workRunningCount":1}
[debug] [2022-04-23T09:47:04.681Z] Accepted request POST /chakra-note/us-central1/createCheckoutSession --> us-central1-createCheckoutSession
[debug] [2022-04-23T09:47:04.681Z] [worker-pool] submitWork(triggerId=us-central1-createCheckoutSession) {"metadata":{"emulator":{"name":"functions"},"message":"[worker-pool] submitWork(triggerId=us-central1-createCheckoutSession)"}}
[debug] [2022-04-23T09:47:04.681Z] [worker-us-central1-createCheckoutSession-a7b601e9-5540-4c24-b871-c990b6959d34]: Assigning socketPath: \\?\pipe\C:\Users\rehop\vscode_ws\rehop\react\cw014\chakra-note\functions\7704 {"metadata":{"emulator":{"name":"functions"},"message":"[worker-us-central1-createCheckoutSession-a7b601e9-5540-4c24-b871-c990b6959d34]: Assigning socketPath: \\\\?\\pipe\\C:\\Users\\rehop\\vscode_ws\\rehop\\react\\cw014\\chakra-note\\functions\\7704"}}
[debug] [2022-04-23T09:47:04.681Z] [worker-us-central1-createCheckoutSession-a7b601e9-5540-4c24-b871-c990b6959d34]: BUSY {"metadata":{"emulator":{"name":"functions"},"message":"[worker-us-central1-createCheckoutSession-a7b601e9-5540-4c24-b871-c990b6959d34]: BUSY"}}
[debug] [2022-04-23T09:47:04.681Z] [runtime-status] [7704] Beginning invocation function createCheckoutSession! {"metadata":{"emulator":{"name":"functions"},"function":{"name":"us-central1-createCheckoutSession"},"extension":{},"message":"[runtime-status] [7704] Beginning invocation function createCheckoutSession!"}}
[info] i  functions: Beginning execution of "createCheckoutSession" {"metadata":{"emulator":{"name":"functions"},"function":{"name":"us-central1-createCheckoutSession"},"extension":{},"message":"Beginning execution of \"createCheckoutSession\""}}
[debug] [2022-04-23T09:47:04.682Z] [runtime-status] [7704] Running createCheckoutSession in signature http {"metadata":{"emulator":{"name":"functions"},"function":{"name":"us-central1-createCheckoutSession"},"extension":{},"message":"[runtime-status] [7704] Running createCheckoutSession in signature http"}}
[debug] [2022-04-23T09:47:04.682Z] [runtime-status] [7704] Attempting to listen to socketPath: \\?\pipe\C:\Users\rehop\vscode_ws\rehop\react\cw014\chakra-note\functions\7704 {"metadata":{"emulator":{"name":"functions"},"function":{"name":"us-central1-createCheckoutSession"},"extension":{},"message":"[runtime-status] [7704] Attempting to listen to socketPath: \\\\?\\pipe\\C:\\Users\\rehop\\vscode_ws\\rehop\\react\\cw014\\chakra-note\\functions\\7704"}}
[debug] [2022-04-23T09:47:04.683Z] [functions] Runtime ready! Sending request! {"metadata":{"emulator":{"name":"functions"},"message":"[functions] Runtime ready! Sending request!"}}
[debug] [2022-04-23T09:47:04.683Z] [functions] Got req.url=/chakra-note/us-central1/createCheckoutSession, mapping to path=/ {"metadata":{"emulator":{"name":"functions"},"message":"[functions] Got req.url=/chakra-note/us-central1/createCheckoutSession, mapping to path=/"}}
[debug] [2022-04-23T09:47:04.684Z] [runtime-status] [7704] Ephemeral server handling POST request {"metadata":{"emulator":{"name":"functions"},"function":{"name":"us-central1-createCheckoutSession"},"extension":{},"message":"[runtime-status] [7704] Ephemeral server handling POST request"}}
[info] >  createCheckoutSession {"user":"createCheckoutSession","metadata":{"emulator":{"name":"functions"},"function":{"name":"us-central1-createCheckoutSession"},"extension":{},"message":"\u001b[90m> \u001b[39m createCheckoutSession"}}
[info] >  process.env.STRIPE_SECRET_KEY=> sk_test_51KCuoBBfCVZgAE4e9vrjuHmeSuS7D1XE8MkiHnDJxYJF34UTf4Vmwih40dNDj35kLHuuLJWnkCo7dd97tKwbmJSy00PFHJqfUn {"user":"process.env.STRIPE_SECRET_KEY=> sk_test_51KCuoBBfCVZgAE4e9vrjuHmeSuS7D1XE8MkiHnDJxYJF34UTf4Vmwih40dNDj35kLHuuLJWnkCo7dd97tKwbmJSy00PFHJqfUn","metadata":{"emulator":{"name":"functions"},"function":{"name":"us-central1-createCheckoutSession"},"extension":{},"message":"\u001b[90m> \u001b[39m process.env.STRIPE_SECRET_KEY=> sk_test_51KCuoBBfCVZgAE4e9vrjuHmeSuS7D1XE8MkiHnDJxYJF34UTf4Vmwih40dNDj35kLHuuLJWnkCo7dd97tKwbmJSy00PFHJqfUn"}}
[debug] [2022-04-23T09:47:05.438Z] [runtime-status] [7704] Ephemeral server survived. {"metadata":{"emulator":{"name":"functions"},"function":{"name":"us-central1-createCheckoutSession"},"extension":{},"message":"[runtime-status] [7704] Ephemeral server survived."}}
[info] i  functions: Finished "createCheckoutSession" in ~1s {"metadata":{"emulator":{"name":"functions"},"function":{"name":"us-central1-createCheckoutSession"},"extension":{},"message":"Finished \"createCheckoutSession\" in ~1s"}}
[debug] [2022-04-23T09:47:05.439Z] [worker-us-central1-createCheckoutSession-a7b601e9-5540-4c24-b871-c990b6959d34]: IDLE {"metadata":{"emulator":{"name":"functions"},"message":"[worker-us-central1-createCheckoutSession-a7b601e9-5540-4c24-b871-c990b6959d34]: IDLE"}}
[debug] [2022-04-23T09:47:05.439Z] [work-queue] {"queueLength":0,"workRunningCount":0}
[debug] [2022-04-23T09:47:33.287Z] [work-queue] {"queueLength":1,"workRunningCount":0}
[debug] [2022-04-23T09:47:33.287Z] [work-queue] {"queueLength":0,"workRunningCount":1}
[debug] [2022-04-23T09:47:33.287Z] Accepted request POST /chakra-note/us-central1/createCheckoutSession --> us-central1-createCheckoutSession
[debug] [2022-04-23T09:47:33.287Z] [worker-pool] submitWork(triggerId=us-central1-createCheckoutSession) {"metadata":{"emulator":{"name":"functions"},"message":"[worker-pool] submitWork(triggerId=us-central1-createCheckoutSession)"}}
[debug] [2022-04-23T09:47:33.287Z] [worker-us-central1-createCheckoutSession-a7b601e9-5540-4c24-b871-c990b6959d34]: Assigning socketPath: \\?\pipe\C:\Users\rehop\vscode_ws\rehop\react\cw014\chakra-note\functions\7704 {"metadata":{"emulator":{"name":"functions"},"message":"[worker-us-central1-createCheckoutSession-a7b601e9-5540-4c24-b871-c990b6959d34]: Assigning socketPath: \\\\?\\pipe\\C:\\Users\\rehop\\vscode_ws\\rehop\\react\\cw014\\chakra-note\\functions\\7704"}}
[debug] [2022-04-23T09:47:33.287Z] [worker-us-central1-createCheckoutSession-a7b601e9-5540-4c24-b871-c990b6959d34]: BUSY {"metadata":{"emulator":{"name":"functions"},"message":"[worker-us-central1-createCheckoutSession-a7b601e9-5540-4c24-b871-c990b6959d34]: BUSY"}}
[debug] [2022-04-23T09:47:33.288Z] [runtime-status] [7704] Beginning invocation function createCheckoutSession! {"metadata":{"emulator":{"name":"functions"},"function":{"name":"us-central1-createCheckoutSession"},"extension":{},"message":"[runtime-status] [7704] Beginning invocation function createCheckoutSession!"}}
[info] i  functions: Beginning execution of "createCheckoutSession" {"metadata":{"emulator":{"name":"functions"},"function":{"name":"us-central1-createCheckoutSession"},"extension":{},"message":"Beginning execution of \"createCheckoutSession\""}}
[debug] [2022-04-23T09:47:33.288Z] [runtime-status] [7704] Running createCheckoutSession in signature http {"metadata":{"emulator":{"name":"functions"},"function":{"name":"us-central1-createCheckoutSession"},"extension":{},"message":"[runtime-status] [7704] Running createCheckoutSession in signature http"}}
[debug] [2022-04-23T09:47:33.288Z] [runtime-status] [7704] Attempting to listen to socketPath: \\?\pipe\C:\Users\rehop\vscode_ws\rehop\react\cw014\chakra-note\functions\7704 {"metadata":{"emulator":{"name":"functions"},"function":{"name":"us-central1-createCheckoutSession"},"extension":{},"message":"[runtime-status] [7704] Attempting to listen to socketPath: \\\\?\\pipe\\C:\\Users\\rehop\\vscode_ws\\rehop\\react\\cw014\\chakra-note\\functions\\7704"}}
[debug] [2022-04-23T09:47:33.289Z] [functions] Runtime ready! Sending request! {"metadata":{"emulator":{"name":"functions"},"message":"[functions] Runtime ready! Sending request!"}}
[debug] [2022-04-23T09:47:33.289Z] [functions] Got req.url=/chakra-note/us-central1/createCheckoutSession, mapping to path=/ {"metadata":{"emulator":{"name":"functions"},"message":"[functions] Got req.url=/chakra-note/us-central1/createCheckoutSession, mapping to path=/"}}
[debug] [2022-04-23T09:47:33.290Z] [runtime-status] [7704] Ephemeral server handling POST request {"metadata":{"emulator":{"name":"functions"},"function":{"name":"us-central1-createCheckoutSession"},"extension":{},"message":"[runtime-status] [7704] Ephemeral server handling POST request"}}
[info] >  createCheckoutSession {"user":"createCheckoutSession","metadata":{"emulator":{"name":"functions"},"function":{"name":"us-central1-createCheckoutSession"},"extension":{},"message":"\u001b[90m> \u001b[39m createCheckoutSession"}}
[info] >  process.env.STRIPE_SECRET_KEY=> sk_test_51KCuoBBfCVZgAE4e9vrjuHmeSuS7D1XE8MkiHnDJxYJF34UTf4Vmwih40dNDj35kLHuuLJWnkCo7dd97tKwbmJSy00PFHJqfUn {"user":"process.env.STRIPE_SECRET_KEY=> sk_test_51KCuoBBfCVZgAE4e9vrjuHmeSuS7D1XE8MkiHnDJxYJF34UTf4Vmwih40dNDj35kLHuuLJWnkCo7dd97tKwbmJSy00PFHJqfUn","metadata":{"emulator":{"name":"functions"},"function":{"name":"us-central1-createCheckoutSession"},"extension":{},"message":"\u001b[90m> \u001b[39m process.env.STRIPE_SECRET_KEY=> sk_test_51KCuoBBfCVZgAE4e9vrjuHmeSuS7D1XE8MkiHnDJxYJF34UTf4Vmwih40dNDj35kLHuuLJWnkCo7dd97tKwbmJSy00PFHJqfUn"}}
[debug] [2022-04-23T09:47:33.864Z] [runtime-status] [7704] Ephemeral server survived. {"metadata":{"emulator":{"name":"functions"},"function":{"name":"us-central1-createCheckoutSession"},"extension":{},"message":"[runtime-status] [7704] Ephemeral server survived."}}
[info] i  functions: Finished "createCheckoutSession" in ~1s {"metadata":{"emulator":{"name":"functions"},"function":{"name":"us-central1-createCheckoutSession"},"extension":{},"message":"Finished \"createCheckoutSession\" in ~1s"}}
[debug] [2022-04-23T09:47:33.865Z] [worker-us-central1-createCheckoutSession-a7b601e9-5540-4c24-b871-c990b6959d34]: IDLE {"metadata":{"emulator":{"name":"functions"},"message":"[worker-us-central1-createCheckoutSession-a7b601e9-5540-4c24-b871-c990b6959d34]: IDLE"}}
[debug] [2022-04-23T09:47:33.865Z] [work-queue] {"queueLength":0,"workRunningCount":0}
[debug] [2022-04-23T09:53:31.320Z] [work-queue] {"queueLength":1,"workRunningCount":0}
[debug] [2022-04-23T09:53:31.321Z] [work-queue] {"queueLength":0,"workRunningCount":1}
[debug] [2022-04-23T09:53:31.321Z] Accepted request POST /chakra-note/us-central1/createCheckoutSession --> us-central1-createCheckoutSession
[debug] [2022-04-23T09:53:31.321Z] [worker-pool] submitWork(triggerId=us-central1-createCheckoutSession) {"metadata":{"emulator":{"name":"functions"},"message":"[worker-pool] submitWork(triggerId=us-central1-createCheckoutSession)"}}
[debug] [2022-04-23T09:53:31.321Z] [worker-us-central1-createCheckoutSession-a7b601e9-5540-4c24-b871-c990b6959d34]: Assigning socketPath: \\?\pipe\C:\Users\rehop\vscode_ws\rehop\react\cw014\chakra-note\functions\7704 {"metadata":{"emulator":{"name":"functions"},"message":"[worker-us-central1-createCheckoutSession-a7b601e9-5540-4c24-b871-c990b6959d34]: Assigning socketPath: \\\\?\\pipe\\C:\\Users\\rehop\\vscode_ws\\rehop\\react\\cw014\\chakra-note\\functions\\7704"}}
[debug] [2022-04-23T09:53:31.321Z] [worker-us-central1-createCheckoutSession-a7b601e9-5540-4c24-b871-c990b6959d34]: BUSY {"metadata":{"emulator":{"name":"functions"},"message":"[worker-us-central1-createCheckoutSession-a7b601e9-5540-4c24-b871-c990b6959d34]: BUSY"}}
[debug] [2022-04-23T09:53:31.321Z] [runtime-status] [7704] Beginning invocation function createCheckoutSession! {"metadata":{"emulator":{"name":"functions"},"function":{"name":"us-central1-createCheckoutSession"},"extension":{},"message":"[runtime-status] [7704] Beginning invocation function createCheckoutSession!"}}
[info] i  functions: Beginning execution of "createCheckoutSession" {"metadata":{"emulator":{"name":"functions"},"function":{"name":"us-central1-createCheckoutSession"},"extension":{},"message":"Beginning execution of \"createCheckoutSession\""}}
[debug] [2022-04-23T09:53:31.322Z] [runtime-status] [7704] Running createCheckoutSession in signature http {"metadata":{"emulator":{"name":"functions"},"function":{"name":"us-central1-createCheckoutSession"},"extension":{},"message":"[runtime-status] [7704] Running createCheckoutSession in signature http"}}
[debug] [2022-04-23T09:53:31.322Z] [runtime-status] [7704] Attempting to listen to socketPath: \\?\pipe\C:\Users\rehop\vscode_ws\rehop\react\cw014\chakra-note\functions\7704 {"metadata":{"emulator":{"name":"functions"},"function":{"name":"us-central1-createCheckoutSession"},"extension":{},"message":"[runtime-status] [7704] Attempting to listen to socketPath: \\\\?\\pipe\\C:\\Users\\rehop\\vscode_ws\\rehop\\react\\cw014\\chakra-note\\functions\\7704"}}
[debug] [2022-04-23T09:53:31.323Z] [functions] Runtime ready! Sending request! {"metadata":{"emulator":{"name":"functions"},"message":"[functions] Runtime ready! Sending request!"}}
[debug] [2022-04-23T09:53:31.323Z] [functions] Got req.url=/chakra-note/us-central1/createCheckoutSession, mapping to path=/ {"metadata":{"emulator":{"name":"functions"},"message":"[functions] Got req.url=/chakra-note/us-central1/createCheckoutSession, mapping to path=/"}}
[debug] [2022-04-23T09:53:31.324Z] [runtime-status] [7704] Ephemeral server handling POST request {"metadata":{"emulator":{"name":"functions"},"function":{"name":"us-central1-createCheckoutSession"},"extension":{},"message":"[runtime-status] [7704] Ephemeral server handling POST request"}}
[info] >  createCheckoutSession {"user":"createCheckoutSession","metadata":{"emulator":{"name":"functions"},"function":{"name":"us-central1-createCheckoutSession"},"extension":{},"message":"\u001b[90m> \u001b[39m createCheckoutSession"}}
[info] >  process.env.STRIPE_SECRET_KEY=> sk_test_51KCuoBBfCVZgAE4e9vrjuHmeSuS7D1XE8MkiHnDJxYJF34UTf4Vmwih40dNDj35kLHuuLJWnkCo7dd97tKwbmJSy00PFHJqfUn {"user":"process.env.STRIPE_SECRET_KEY=> sk_test_51KCuoBBfCVZgAE4e9vrjuHmeSuS7D1XE8MkiHnDJxYJF34UTf4Vmwih40dNDj35kLHuuLJWnkCo7dd97tKwbmJSy00PFHJqfUn","metadata":{"emulator":{"name":"functions"},"function":{"name":"us-central1-createCheckoutSession"},"extension":{},"message":"\u001b[90m> \u001b[39m process.env.STRIPE_SECRET_KEY=> sk_test_51KCuoBBfCVZgAE4e9vrjuHmeSuS7D1XE8MkiHnDJxYJF34UTf4Vmwih40dNDj35kLHuuLJWnkCo7dd97tKwbmJSy00PFHJqfUn"}}
[debug] [2022-04-23T09:53:32.032Z] [runtime-status] [7704] Ephemeral server survived. {"metadata":{"emulator":{"name":"functions"},"function":{"name":"us-central1-createCheckoutSession"},"extension":{},"message":"[runtime-status] [7704] Ephemeral server survived."}}
[info] i  functions: Finished "createCheckoutSession" in ~1s {"metadata":{"emulator":{"name":"functions"},"function":{"name":"us-central1-createCheckoutSession"},"extension":{},"message":"Finished \"createCheckoutSession\" in ~1s"}}
[debug] [2022-04-23T09:53:32.033Z] [worker-us-central1-createCheckoutSession-a7b601e9-5540-4c24-b871-c990b6959d34]: IDLE {"metadata":{"emulator":{"name":"functions"},"message":"[worker-us-central1-createCheckoutSession-a7b601e9-5540-4c24-b871-c990b6959d34]: IDLE"}}
[debug] [2022-04-23T09:53:32.033Z] [work-queue] {"queueLength":0,"workRunningCount":0}
[debug] [2022-04-23T09:54:15.424Z] [work-queue] {"queueLength":1,"workRunningCount":0}
[debug] [2022-04-23T09:54:15.424Z] [work-queue] {"queueLength":0,"workRunningCount":1}
[debug] [2022-04-23T09:54:15.424Z] Accepted request POST /chakra-note/us-central1/createCheckoutSession --> us-central1-createCheckoutSession
[debug] [2022-04-23T09:54:15.424Z] [worker-pool] submitWork(triggerId=us-central1-createCheckoutSession) {"metadata":{"emulator":{"name":"functions"},"message":"[worker-pool] submitWork(triggerId=us-central1-createCheckoutSession)"}}
[debug] [2022-04-23T09:54:15.424Z] [worker-us-central1-createCheckoutSession-a7b601e9-5540-4c24-b871-c990b6959d34]: Assigning socketPath: \\?\pipe\C:\Users\rehop\vscode_ws\rehop\react\cw014\chakra-note\functions\7704 {"metadata":{"emulator":{"name":"functions"},"message":"[worker-us-central1-createCheckoutSession-a7b601e9-5540-4c24-b871-c990b6959d34]: Assigning socketPath: \\\\?\\pipe\\C:\\Users\\rehop\\vscode_ws\\rehop\\react\\cw014\\chakra-note\\functions\\7704"}}
[debug] [2022-04-23T09:54:15.424Z] [worker-us-central1-createCheckoutSession-a7b601e9-5540-4c24-b871-c990b6959d34]: BUSY {"metadata":{"emulator":{"name":"functions"},"message":"[worker-us-central1-createCheckoutSession-a7b601e9-5540-4c24-b871-c990b6959d34]: BUSY"}}
[debug] [2022-04-23T09:54:15.425Z] [runtime-status] [7704] Beginning invocation function createCheckoutSession! {"metadata":{"emulator":{"name":"functions"},"function":{"name":"us-central1-createCheckoutSession"},"extension":{},"message":"[runtime-status] [7704] Beginning invocation function createCheckoutSession!"}}
[info] i  functions: Beginning execution of "createCheckoutSession" {"metadata":{"emulator":{"name":"functions"},"function":{"name":"us-central1-createCheckoutSession"},"extension":{},"message":"Beginning execution of \"createCheckoutSession\""}}
[debug] [2022-04-23T09:54:15.425Z] [runtime-status] [7704] Running createCheckoutSession in signature http {"metadata":{"emulator":{"name":"functions"},"function":{"name":"us-central1-createCheckoutSession"},"extension":{},"message":"[runtime-status] [7704] Running createCheckoutSession in signature http"}}
[debug] [2022-04-23T09:54:15.425Z] [runtime-status] [7704] Attempting to listen to socketPath: \\?\pipe\C:\Users\rehop\vscode_ws\rehop\react\cw014\chakra-note\functions\7704 {"metadata":{"emulator":{"name":"functions"},"function":{"name":"us-central1-createCheckoutSession"},"extension":{},"message":"[runtime-status] [7704] Attempting to listen to socketPath: \\\\?\\pipe\\C:\\Users\\rehop\\vscode_ws\\rehop\\react\\cw014\\chakra-note\\functions\\7704"}}
[debug] [2022-04-23T09:54:15.426Z] [functions] Runtime ready! Sending request! {"metadata":{"emulator":{"name":"functions"},"message":"[functions] Runtime ready! Sending request!"}}
[debug] [2022-04-23T09:54:15.426Z] [functions] Got req.url=/chakra-note/us-central1/createCheckoutSession, mapping to path=/ {"metadata":{"emulator":{"name":"functions"},"message":"[functions] Got req.url=/chakra-note/us-central1/createCheckoutSession, mapping to path=/"}}
[debug] [2022-04-23T09:54:15.427Z] [runtime-status] [7704] Ephemeral server handling POST request {"metadata":{"emulator":{"name":"functions"},"function":{"name":"us-central1-createCheckoutSession"},"extension":{},"message":"[runtime-status] [7704] Ephemeral server handling POST request"}}
[info] >  createCheckoutSession {"user":"createCheckoutSession","metadata":{"emulator":{"name":"functions"},"function":{"name":"us-central1-createCheckoutSession"},"extension":{},"message":"\u001b[90m> \u001b[39m createCheckoutSession"}}
[info] >  process.env.STRIPE_SECRET_KEY=> sk_test_51KCuoBBfCVZgAE4e9vrjuHmeSuS7D1XE8MkiHnDJxYJF34UTf4Vmwih40dNDj35kLHuuLJWnkCo7dd97tKwbmJSy00PFHJqfUn {"user":"process.env.STRIPE_SECRET_KEY=> sk_test_51KCuoBBfCVZgAE4e9vrjuHmeSuS7D1XE8MkiHnDJxYJF34UTf4Vmwih40dNDj35kLHuuLJWnkCo7dd97tKwbmJSy00PFHJqfUn","metadata":{"emulator":{"name":"functions"},"function":{"name":"us-central1-createCheckoutSession"},"extension":{},"message":"\u001b[90m> \u001b[39m process.env.STRIPE_SECRET_KEY=> sk_test_51KCuoBBfCVZgAE4e9vrjuHmeSuS7D1XE8MkiHnDJxYJF34UTf4Vmwih40dNDj35kLHuuLJWnkCo7dd97tKwbmJSy00PFHJqfUn"}}
[debug] [2022-04-23T09:54:16.039Z] [runtime-status] [7704] Ephemeral server survived. {"metadata":{"emulator":{"name":"functions"},"function":{"name":"us-central1-createCheckoutSession"},"extension":{},"message":"[runtime-status] [7704] Ephemeral server survived."}}
[info] i  functions: Finished "createCheckoutSession" in ~1s {"metadata":{"emulator":{"name":"functions"},"function":{"name":"us-central1-createCheckoutSession"},"extension":{},"message":"Finished \"createCheckoutSession\" in ~1s"}}
[debug] [2022-04-23T09:54:16.040Z] [worker-us-central1-createCheckoutSession-a7b601e9-5540-4c24-b871-c990b6959d34]: IDLE {"metadata":{"emulator":{"name":"functions"},"message":"[worker-us-central1-createCheckoutSession-a7b601e9-5540-4c24-b871-c990b6959d34]: IDLE"}}
[debug] [2022-04-23T09:54:16.040Z] [work-queue] {"queueLength":0,"workRunningCount":0}
[debug] [2022-04-23T10:56:21.002Z] [worker-us-central1-createCheckoutSession-a7b601e9-5540-4c24-b871-c990b6959d34]: exited {"metadata":{"emulator":{"name":"functions"},"message":"[worker-us-central1-createCheckoutSession-a7b601e9-5540-4c24-b871-c990b6959d34]: exited"}}
